SF:lib/src/extensions.dart
DA:9,1
DA:10,1
DA:14,1
DA:22,1
DA:23,1
DA:27,1
DA:34,1
DA:35,1
DA:36,1
DA:39,1
DA:40,2
DA:41,1
DA:46,1
DA:55,1
DA:56,1
DA:57,1
DA:60,1
DA:61,2
DA:62,1
DA:67,1
DA:76,1
DA:77,1
DA:78,1
DA:81,1
DA:82,2
DA:83,2
DA:84,2
DA:94,2
DA:99,1
DA:108,1
DA:109,1
DA:110,1
DA:113,1
DA:114,2
DA:115,2
DA:116,2
DA:123,2
DA:127,1
DA:133,1
DA:134,1
DA:136,2
DA:137,2
DA:138,1
DA:147,1
DA:152,1
DA:153,1
DA:154,1
DA:155,1
DA:156,1
DA:157,1
DA:158,1
DA:159,1
DA:160,1
DA:161,0
DA:162,2
DA:177,1
DA:178,1
DA:180,1
DA:181,1
DA:182,1
DA:183,1
DA:188,1
DA:189,1
DA:192,1
DA:197,1
DA:198,1
DA:200,1
DA:201,0
DA:202,1
DA:203,1
DA:208,1
DA:209,1
DA:211,1
DA:212,0
DA:213,1
DA:214,1
DA:219,0
DA:220,0
DA:222,0
DA:223,0
LF:80
LH:73
end_of_record
