SF:lib\src\extensions.dart
DA:9,1
DA:10,1
DA:14,1
DA:22,1
DA:23,1
DA:27,1
DA:34,1
DA:35,1
DA:36,1
DA:39,1
DA:40,2
DA:41,1
DA:46,1
DA:55,1
DA:56,1
DA:57,1
DA:60,1
DA:61,2
DA:62,1
DA:67,1
DA:76,1
DA:77,1
DA:78,1
DA:81,1
DA:82,2
DA:83,2
DA:84,2
DA:89,1
DA:98,1
DA:99,1
DA:100,1
DA:103,1
DA:104,2
DA:105,2
DA:106,2
DA:111,1
DA:117,1
DA:118,1
DA:120,2
DA:121,2
DA:122,1
DA:131,1
DA:136,1
DA:137,1
DA:138,1
DA:139,1
DA:140,1
DA:141,1
DA:142,1
DA:143,1
DA:144,0
DA:145,0
DA:146,0
DA:161,1
DA:162,1
DA:164,1
DA:165,1
DA:166,1
DA:167,1
DA:172,1
DA:173,1
DA:176,1
DA:181,1
DA:182,1
DA:184,1
DA:185,0
DA:186,1
DA:187,1
DA:192,1
DA:193,1
DA:195,1
DA:196,0
DA:197,1
DA:198,1
DA:203,0
DA:204,0
DA:206,0
DA:207,0
LF:78
LH:69
end_of_record
